CMake Warning at CMakeLists.txt:50 (add_library):
  Cannot generate a safe runtime search path for target
  mara_gazebo_joint_plugin because there is a cycle in the constraint graph:

    dir 0 is [/usr/lib/x86_64-linux-gnu/gazebo-11/plugins]
    dir 1 is [/opt/ros/foxy/lib]
      dir 8 must precede it due to runtime library [liboctomap.so.1.9]
    dir 2 is [/home/user/ros2_ws/install/hrim_actuator_rotaryservo_msgs/lib]
    dir 3 is [/home/user/ros2_ws/install/hrim_actuator_rotaryservo_srvs/lib]
    dir 4 is [/home/user/ros2_ws/install/hrim_actuator_rotaryservo_actions/lib]
    dir 5 is [/home/user/ros2_ws/install/hrim_generic_msgs/lib]
    dir 6 is [/home/user/ros2_ws/install/hrim_generic_srvs/lib]
    dir 7 is [/opt/ros/foxy/lib/x86_64-linux-gnu]
    dir 8 is [/opt/ros/noetic/lib]
      dir 1 must precede it due to runtime library [libgazebo_ros_utils.so]

  Some of these libraries may not be found correctly.


CMake Warning at CMakeLists.txt:73 (add_library):
  Cannot generate a safe runtime search path for target
  mara_gazebo_joint_training_plugin because there is a cycle in the
  constraint graph:

    dir 0 is [/usr/lib/x86_64-linux-gnu/gazebo-11/plugins]
    dir 1 is [/opt/ros/foxy/lib]
      dir 8 must precede it due to runtime library [liboctomap.so.1.9]
    dir 2 is [/home/user/ros2_ws/install/hrim_actuator_rotaryservo_msgs/lib]
    dir 3 is [/home/user/ros2_ws/install/hrim_actuator_rotaryservo_srvs/lib]
    dir 4 is [/home/user/ros2_ws/install/hrim_actuator_rotaryservo_actions/lib]
    dir 5 is [/home/user/ros2_ws/install/hrim_generic_msgs/lib]
    dir 6 is [/home/user/ros2_ws/install/hrim_generic_srvs/lib]
    dir 7 is [/opt/ros/foxy/lib/x86_64-linux-gnu]
    dir 8 is [/opt/ros/noetic/lib]
      dir 1 must precede it due to runtime library [libgazebo_ros_utils.so]

  Some of these libraries may not be found correctly.


[01m[Kc++:[m[K [01;31m[Kfatal error: [m[KKilled signal terminated program cc1plus
compilation terminated.
make[2]: *** [CMakeFiles/mara_gazebo_joint_plugin.dir/build.make:63: CMakeFiles/mara_gazebo_joint_plugin.dir/src/mara_gazebo_joint_plugin.cpp.o] Error 1
make[1]: *** [CMakeFiles/Makefile2:80: CMakeFiles/mara_gazebo_joint_plugin.dir/all] Error 2
make: *** [Makefile:141: all] Error 2
